# JRE version: OpenJDK Runtime Environment Temurin-17.0.5+8 (17.0.5+8) (build 17.0.5+8)
# Java VM: OpenJDK 64-Bit Server VM Temurin-17.0.5+8 (17.0.5+8, mixed mode, tiered, compressed oops, compressed class ptrs, parallel gc, windows-amd64)
GC Precious Log:
 CPUs: 4 total, 4 available
 Memory: 6024M
 Large Page Support: Disabled
 NUMA Support: Disabled
 Compressed Oops: Enabled (32-bit)
 Alignments: Space 512K, Generation 512K, Heap 2M
 Heap Min Capacity: 100M
 Heap Initial Capacity: 100M
 Heap Max Capacity: 1G
 Pre-touch: Disabled
 Parallel Workers: 4
Heap:
 PSYoungGen      total 8192K, used 1509K [0x00000000eab00000, 0x00000000ebb00000, 0x0000000100000000)
  eden space 6656K, 0% used [0x00000000eab00000,0x00000000eab00000,0x00000000eb180000)
  from space 1536K, 98% used [0x00000000eb580000,0x00000000eb6f9550,0x00000000eb700000)
  to   space 4096K, 0% used [0x00000000eb180000,0x00000000eb180000,0x00000000eb580000)
 ParOldGen       total 92160K, used 90289K [0x00000000c0000000, 0x00000000c5a00000, 0x00000000eab00000)
  object space 92160K, 97% used [0x00000000c0000000,0x00000000c582c4d8,0x00000000c5a00000)
 Metaspace       used 54571K, committed 55424K, reserved 1105920K
  class space    used 5875K, committed 6208K, reserved 1048576K
GC Heap History (20 events):
Event: 57.178 GC heap after
{Heap after GC invocations=43 (full 3):
 PSYoungGen      total 11776K, used 1665K [0x00000000eab00000, 0x00000000eb880000, 0x0000000100000000)
  eden space 9728K, 0% used [0x00000000eab00000,0x00000000eab00000,0x00000000eb480000)
  from space 2048K, 81% used [0x00000000eb500000,0x00000000eb6a07d8,0x00000000eb700000)
  to   space 1536K, 0% used [0x00000000eb700000,0x00000000eb700000,0x00000000eb880000)
 ParOldGen       total 92160K, used 75794K [0x00000000c0000000, 0x00000000c5a00000, 0x00000000eab00000)
  object space 92160K, 82% used [0x00000000c0000000,0x00000000c4a049b0,0x00000000c5a00000)
 Metaspace       used 54316K, committed 55232K, reserved 1097728K
  class space    used 5857K, committed 6208K, reserved 1048576K
}
Event: 57.367 GC heap before
{Heap before GC invocations=44 (full 3):
 PSYoungGen      total 11776K, used 11393K [0x00000000eab00000, 0x00000000eb880000, 0x0000000100000000)
  eden space 9728K, 100% used [0x00000000eab00000,0x00000000eb480000,0x00000000eb480000)
  from space 2048K, 81% used [0x00000000eb500000,0x00000000eb6a07d8,0x00000000eb700000)
  to   space 1536K, 0% used [0x00000000eb700000,0x00000000eb700000,0x00000000eb880000)
 ParOldGen       total 92160K, used 75794K [0x00000000c0000000, 0x00000000c5a00000, 0x00000000eab00000)
  object space 92160K, 82% used [0x00000000c0000000,0x00000000c4a049b0,0x00000000c5a00000)
 Metaspace       used 54316K, committed 55232K, reserved 1097728K
  class space    used 5857K, committed 6208K, reserved 1048576K
}
Event: 57.371 GC heap after
{Heap after GC invocations=44 (full 3):
 PSYoungGen      total 9728K, used 1506K [0x00000000eab00000, 0x00000000ebc80000, 0x0000000100000000)
  eden space 8192K, 0% used [0x00000000eab00000,0x00000000eab00000,0x00000000eb300000)
  from space 1536K, 98% used [0x00000000eb700000,0x00000000eb878870,0x00000000eb880000)
  to   space 4096K, 0% used [0x00000000eb300000,0x00000000eb300000,0x00000000eb700000)
 ParOldGen       total 92160K, used 77927K [0x00000000c0000000, 0x00000000c5a00000, 0x00000000eab00000)
  object space 92160K, 84% used [0x00000000c0000000,0x00000000c4c19d38,0x00000000c5a00000)
 Metaspace       used 54316K, committed 55232K, reserved 1097728K
  class space    used 5857K, committed 6208K, reserved 1048576K
}
Event: 57.516 GC heap before
{Heap before GC invocations=45 (full 3):
 PSYoungGen      total 9728K, used 9698K [0x00000000eab00000, 0x00000000ebc80000, 0x0000000100000000)
  eden space 8192K, 100% used [0x00000000eab00000,0x00000000eb300000,0x00000000eb300000)
  from space 1536K, 98% used [0x00000000eb700000,0x00000000eb878870,0x00000000eb880000)
  to   space 4096K, 0% used [0x00000000eb300000,0x00000000eb300000,0x00000000eb700000)
 ParOldGen       total 92160K, used 77927K [0x00000000c0000000, 0x00000000c5a00000, 0x00000000eab00000)
  object space 92160K, 84% used [0x00000000c0000000,0x00000000c4c19d38,0x00000000c5a00000)
 Metaspace       used 54317K, committed 55232K, reserved 1097728K
  class space    used 5857K, committed 6208K, reserved 1048576K
}
Event: 57.521 GC heap after
{Heap after GC invocations=45 (full 3):
 PSYoungGen      total 10240K, used 1636K [0x00000000eab00000, 0x00000000eb800000, 0x0000000100000000)
  eden space 8192K, 0% used [0x00000000eab00000,0x00000000eab00000,0x00000000eb300000)
  from space 2048K, 79% used [0x00000000eb300000,0x00000000eb499358,0x00000000eb500000)
  to   space 2560K, 0% used [0x00000000eb580000,0x00000000eb580000,0x00000000eb800000)
 ParOldGen       total 92160K, used 79441K [0x00000000c0000000, 0x00000000c5a00000, 0x00000000eab00000)
  object space 92160K, 86% used [0x00000000c0000000,0x00000000c4d94720,0x00000000c5a00000)
 Metaspace       used 54317K, committed 55232K, reserved 1097728K
  class space    used 5857K, committed 6208K, reserved 1048576K
}
Event: 57.757 GC heap before
{Heap before GC invocations=46 (full 3):
 PSYoungGen      total 10240K, used 9828K [0x00000000eab00000, 0x00000000eb800000, 0x0000000100000000)
  eden space 8192K, 100% used [0x00000000eab00000,0x00000000eb300000,0x00000000eb300000)
  from space 2048K, 79% used [0x00000000eb300000,0x00000000eb499358,0x00000000eb500000)
  to   space 2560K, 0% used [0x00000000eb580000,0x00000000eb580000,0x00000000eb800000)
 ParOldGen       total 92160K, used 79441K [0x00000000c0000000, 0x00000000c5a00000, 0x00000000eab00000)
  object space 92160K, 86% used [0x00000000c0000000,0x00000000c4d94720,0x00000000c5a00000)
 Metaspace       used 54317K, committed 55232K, reserved 1097728K
  class space    used 5857K, committed 6208K, reserved 1048576K
}
Event: 57.764 GC heap after
{Heap after GC invocations=46 (full 3):
 PSYoungGen      total 10240K, used 1846K [0x00000000eab00000, 0x00000000eb780000, 0x0000000100000000)
  eden space 8192K, 0% used [0x00000000eab00000,0x00000000eab00000,0x00000000eb300000)
  from space 2048K, 90% used [0x00000000eb580000,0x00000000eb74da88,0x00000000eb780000)
  to   space 2048K, 0% used [0x00000000eb300000,0x00000000eb300000,0x00000000eb500000)
 ParOldGen       total 92160K, used 81016K [0x00000000c0000000, 0x00000000c5a00000, 0x00000000eab00000)
  object space 92160K, 87% used [0x00000000c0000000,0x00000000c4f1e3d8,0x00000000c5a00000)
 Metaspace       used 54317K, committed 55232K, reserved 1097728K
  class space    used 5857K, committed 6208K, reserved 1048576K
}
Event: 58.373 GC heap before
{Heap before GC invocations=47 (full 3):
 PSYoungGen      total 10240K, used 10038K [0x00000000eab00000, 0x00000000eb780000, 0x0000000100000000)
  eden space 8192K, 100% used [0x00000000eab00000,0x00000000eb300000,0x00000000eb300000)
  from space 2048K, 90% used [0x00000000eb580000,0x00000000eb74da88,0x00000000eb780000)
  to   space 2048K, 0% used [0x00000000eb300000,0x00000000eb300000,0x00000000eb500000)
 ParOldGen       total 92160K, used 81016K [0x00000000c0000000, 0x00000000c5a00000, 0x00000000eab00000)
  object space 92160K, 87% used [0x00000000c0000000,0x00000000c4f1e3d8,0x00000000c5a00000)
 Metaspace       used 54368K, committed 55232K, reserved 1097728K
  class space    used 5857K, committed 6208K, reserved 1048576K
}
Event: 58.378 GC heap after
{Heap after GC invocations=47 (full 3):
 PSYoungGen      total 9728K, used 1219K [0x00000000eab00000, 0x00000000eb600000, 0x0000000100000000)
  eden space 8192K, 0% used [0x00000000eab00000,0x00000000eab00000,0x00000000eb300000)
  from space 1536K, 79% used [0x00000000eb300000,0x00000000eb430ec0,0x00000000eb480000)
  to   space 1536K, 0% used [0x00000000eb480000,0x00000000eb480000,0x00000000eb600000)
 ParOldGen       total 92160K, used 82790K [0x00000000c0000000, 0x00000000c5a00000, 0x00000000eab00000)
  object space 92160K, 89% used [0x00000000c0000000,0x00000000c50d9988,0x00000000c5a00000)
 Metaspace       used 54368K, committed 55232K, reserved 1097728K
  class space    used 5857K, committed 6208K, reserved 1048576K
}
Event: 59.744 GC heap before
{Heap before GC invocations=48 (full 3):
 PSYoungGen      total 9728K, used 9411K [0x00000000eab00000, 0x00000000eb600000, 0x0000000100000000)
  eden space 8192K, 100% used [0x00000000eab00000,0x00000000eb300000,0x00000000eb300000)
  from space 1536K, 79% used [0x00000000eb300000,0x00000000eb430ec0,0x00000000eb480000)
  to   space 1536K, 0% used [0x00000000eb480000,0x00000000eb480000,0x00000000eb600000)
 ParOldGen       total 92160K, used 82790K [0x00000000c0000000, 0x00000000c5a00000, 0x00000000eab00000)
  object space 92160K, 89% used [0x00000000c0000000,0x00000000c50d9988,0x00000000c5a00000)
 Metaspace       used 54382K, committed 55232K, reserved 1097728K
  class space    used 5857K, committed 6208K, reserved 1048576K
}
Event: 59.749 GC heap after
{Heap after GC invocations=48 (full 3):
 PSYoungGen      total 9728K, used 1293K [0x00000000eab00000, 0x00000000eb600000, 0x0000000100000000)
  eden space 8192K, 0% used [0x00000000eab00000,0x00000000eab00000,0x00000000eb300000)
  from space 1536K, 84% used [0x00000000eb480000,0x00000000eb5c3680,0x00000000eb600000)
  to   space 1536K, 0% used [0x00000000eb300000,0x00000000eb300000,0x00000000eb480000)
 ParOldGen       total 92160K, used 83943K [0x00000000c0000000, 0x00000000c5a00000, 0x00000000eab00000)
  object space 92160K, 91% used [0x00000000c0000000,0x00000000c51f9e58,0x00000000c5a00000)
 Metaspace       used 54382K, committed 55232K, reserved 1097728K
  class space    used 5857K, committed 6208K, reserved 1048576K
}
Event: 60.149 GC heap before
{Heap before GC invocations=49 (full 3):
 PSYoungGen      total 9728K, used 9485K [0x00000000eab00000, 0x00000000eb600000, 0x0000000100000000)
  eden space 8192K, 100% used [0x00000000eab00000,0x00000000eb300000,0x00000000eb300000)
  from space 1536K, 84% used [0x00000000eb480000,0x00000000eb5c3680,0x00000000eb600000)
  to   space 1536K, 0% used [0x00000000eb300000,0x00000000eb300000,0x00000000eb480000)
 ParOldGen       total 92160K, used 83943K [0x00000000c0000000, 0x00000000c5a00000, 0x00000000eab00000)
  object space 92160K, 91% used [0x00000000c0000000,0x00000000c51f9e58,0x00000000c5a00000)
 Metaspace       used 54423K, committed 55296K, reserved 1105920K
  class space    used 5857K, committed 6208K, reserved 1048576K
}
Event: 60.154 GC heap after
{Heap after GC invocations=49 (full 3):
 PSYoungGen      total 9728K, used 1526K [0x00000000eab00000, 0x00000000eba00000, 0x0000000100000000)
  eden space 8192K, 0% used [0x00000000eab00000,0x00000000eab00000,0x00000000eb300000)
  from space 1536K, 99% used [0x00000000eb300000,0x00000000eb47d8f8,0x00000000eb480000)
  to   space 3584K, 0% used [0x00000000eb680000,0x00000000eb680000,0x00000000eba00000)
 ParOldGen       total 92160K, used 85630K [0x00000000c0000000, 0x00000000c5a00000, 0x00000000eab00000)
  object space 92160K, 92% used [0x00000000c0000000,0x00000000c539f8c8,0x00000000c5a00000)
 Metaspace       used 54423K, committed 55296K, reserved 1105920K
  class space    used 5857K, committed 6208K, reserved 1048576K
}
Event: 60.387 GC heap before
{Heap before GC invocations=50 (full 3):
 PSYoungGen      total 9728K, used 9718K [0x00000000eab00000, 0x00000000eba00000, 0x0000000100000000)
  eden space 8192K, 100% used [0x00000000eab00000,0x00000000eb300000,0x00000000eb300000)
  from space 1536K, 99% used [0x00000000eb300000,0x00000000eb47d8f8,0x00000000eb480000)
  to   space 3584K, 0% used [0x00000000eb680000,0x00000000eb680000,0x00000000eba00000)
 ParOldGen       total 92160K, used 85630K [0x00000000c0000000, 0x00000000c5a00000, 0x00000000eab00000)
  object space 92160K, 92% used [0x00000000c0000000,0x00000000c539f8c8,0x00000000c5a00000)
 Metaspace       used 54446K, committed 55296K, reserved 1105920K
  class space    used 5857K, committed 6208K, reserved 1048576K
}
Event: 60.395 GC heap after
{Heap after GC invocations=50 (full 3):
 PSYoungGen      total 9728K, used 1373K [0x00000000eab00000, 0x00000000eb800000, 0x0000000100000000)
  eden space 8192K, 0% used [0x00000000eab00000,0x00000000eab00000,0x00000000eb300000)
  from space 1536K, 89% used [0x00000000eb680000,0x00000000eb7d77d0,0x00000000eb800000)
  to   space 2048K, 0% used [0x00000000eb400000,0x00000000eb400000,0x00000000eb600000)
 ParOldGen       total 92160K, used 87175K [0x00000000c0000000, 0x00000000c5a00000, 0x00000000eab00000)
  object space 92160K, 94% used [0x00000000c0000000,0x00000000c5521e38,0x00000000c5a00000)
 Metaspace       used 54446K, committed 55296K, reserved 1105920K
  class space    used 5857K, committed 6208K, reserved 1048576K
}
Event: 61.117 GC heap before
{Heap before GC invocations=51 (full 3):
 PSYoungGen      total 9728K, used 9565K [0x00000000eab00000, 0x00000000eb800000, 0x0000000100000000)
  eden space 8192K, 100% used [0x00000000eab00000,0x00000000eb300000,0x00000000eb300000)
  from space 1536K, 89% used [0x00000000eb680000,0x00000000eb7d77d0,0x00000000eb800000)
  to   space 2048K, 0% used [0x00000000eb400000,0x00000000eb400000,0x00000000eb600000)
 ParOldGen       total 92160K, used 87175K [0x00000000c0000000, 0x00000000c5a00000, 0x00000000eab00000)
  object space 92160K, 94% used [0x00000000c0000000,0x00000000c5521e38,0x00000000c5a00000)
 Metaspace       used 54571K, committed 55424K, reserved 1105920K
  class space    used 5875K, committed 6208K, reserved 1048576K
}
Event: 61.121 GC heap after
{Heap after GC invocations=51 (full 3):
 PSYoungGen      total 9728K, used 1505K [0x00000000eab00000, 0x00000000eb700000, 0x0000000100000000)
  eden space 8192K, 0% used [0x00000000eab00000,0x00000000eab00000,0x00000000eb300000)
  from space 1536K, 98% used [0x00000000eb400000,0x00000000eb578568,0x00000000eb580000)
  to   space 1536K, 0% used [0x00000000eb580000,0x00000000eb580000,0x00000000eb700000)
 ParOldGen       total 92160K, used 88393K [0x00000000c0000000, 0x00000000c5a00000, 0x00000000eab00000)
  object space 92160K, 95% used [0x00000000c0000000,0x00000000c56524f8,0x00000000c5a00000)
 Metaspace       used 54571K, committed 55424K, reserved 1105920K
  class space    used 5875K, committed 6208K, reserved 1048576K
}
Event: 61.288 GC heap before
{Heap before GC invocations=52 (full 3):
 PSYoungGen      total 9728K, used 9697K [0x00000000eab00000, 0x00000000eb700000, 0x0000000100000000)
  eden space 8192K, 100% used [0x00000000eab00000,0x00000000eb300000,0x00000000eb300000)
  from space 1536K, 98% used [0x00000000eb400000,0x00000000eb578568,0x00000000eb580000)
  to   space 1536K, 0% used [0x00000000eb580000,0x00000000eb580000,0x00000000eb700000)
 ParOldGen       total 92160K, used 88393K [0x00000000c0000000, 0x00000000c5a00000, 0x00000000eab00000)
  object space 92160K, 95% used [0x00000000c0000000,0x00000000c56524f8,0x00000000c5a00000)
 Metaspace       used 54571K, committed 55424K, reserved 1105920K
  class space    used 5875K, committed 6208K, reserved 1048576K
}
Event: 61.298 GC heap after
{Heap after GC invocations=52 (full 3):
 PSYoungGen      total 8192K, used 1509K [0x00000000eab00000, 0x00000000ebb00000, 0x0000000100000000)
  eden space 6656K, 0% used [0x00000000eab00000,0x00000000eab00000,0x00000000eb180000)
  from space 1536K, 98% used [0x00000000eb580000,0x00000000eb6f9550,0x00000000eb700000)
  to   space 4096K, 0% used [0x00000000eb180000,0x00000000eb180000,0x00000000eb580000)
 ParOldGen       total 92160K, used 90289K [0x00000000c0000000, 0x00000000c5a00000, 0x00000000eab00000)
  object space 92160K, 97% used [0x00000000c0000000,0x00000000c582c4d8,0x00000000c5a00000)
 Metaspace       used 54571K, committed 55424K, reserved 1105920K
  class space    used 5875K, committed 6208K, reserved 1048576K
}
Event: 61.298 GC heap before
{Heap before GC invocations=53 (full 4):
 PSYoungGen      total 8192K, used 1509K [0x00000000eab00000, 0x00000000ebb00000, 0x0000000100000000)
  eden space 6656K, 0% used [0x00000000eab00000,0x00000000eab00000,0x00000000eb180000)
  from space 1536K, 98% used [0x00000000eb580000,0x00000000eb6f9550,0x00000000eb700000)
  to   space 4096K, 0% used [0x00000000eb180000,0x00000000eb180000,0x00000000eb580000)
 ParOldGen       total 92160K, used 90289K [0x00000000c0000000, 0x00000000c5a00000, 0x00000000eab00000)
  object space 92160K, 97% used [0x00000000c0000000,0x00000000c582c4d8,0x00000000c5a00000)
 Metaspace       used 54571K, committed 55424K, reserved 1105920K
  class space    used 5875K, committed 6208K, reserved 1048576K
}

